{
  "RSpec": {
    "coverage": {
      "/home/active-list-6072/tic-tac-toe-rb-online-web-sp-000/lib/tic_tac_toe.rb": [
        null,
        1,
        null,
        null,
        null,
        null,
        null,
        null,
        null,
        null,
        null,
        1,
        4,
        4,
        4,
        4,
        4,
        null,
        null,
        1,
        6,
        null,
        null,
        1,
        5,
        null,
        null,
        1,
        10,
        null,
        null,
        1,
        6,
        null,
        null,
        1,
        3,
        3,
        3,
        null,
        3,
        2,
        2,
        2,
        null,
        1,
        null,
        null,
        null,
        1,
        40,
        null,
        null,
        1,
        3,
        3,
        null,
        0,
        null,
        null,
        null,
        1,
        null,
        4,
        4,
        4,
        null,
        4,
        36,
        20,
        16,
        16,
        null,
        36,
        null,
        null,
        4,
        null,
        76,
        42,
        null,
        2,
        null,
        null,
        2,
        null,
        null,
        1,
        6,
        null,
        null,
        1,
        5,
        null
      ]
    },
    "timestamp": 1555702242
  }
}
