{
  "RSpec": {
    "coverage": {
      "/home/active-list-6072/tic-tac-toe-rb-online-web-sp-000/lib/tic_tac_toe.rb": [
        null,
        1,
        null,
        null,
        null,
        null,
        null,
        null,
        null,
        null,
        null,
        1,
        8,
        11,
        null,
        null,
        8,
        3,
        null,
        5,
        null,
        null,
        null,
        1,
        15,
        15,
        15,
        15,
        15,
        null,
        null,
        1,
        17,
        null,
        null,
        1,
        16,
        null,
        null,
        1,
        21,
        null,
        null,
        1,
        17,
        null,
        null,
        1,
        14,
        14,
        14,
        null,
        14,
        13,
        13,
        13,
        null,
        1,
        null,
        null,
        null,
        1,
        150,
        null,
        null,
        1,
        14,
        10,
        null,
        4,
        null,
        null,
        null,
        1,
        null,
        22,
        22,
        22,
        null,
        22,
        198,
        56,
        142,
        27,
        null,
        198,
        null,
        null,
        22,
        null,
        322,
        144,
        null,
        10,
        null,
        null,
        12,
        null,
        null,
        1,
        20,
        null,
        null,
        1,
        8,
        null,
        null,
        1,
        11,
        null,
        null,
        1,
        5,
        5,
        4,
        null,
        null
      ]
    },
    "timestamp": 1555702956
  }
}
